<?xml version="1.0" encoding="UTF-8"?>
<!-- Generated by org.testng.reporters.JUnitXMLReporter -->
<testsuite hostname="sameer" name="Command line test" tests="3" failures="0" timestamp="1 Oct 2016 19:13:35 GMT" time="24.71" errors="0">
  <testcase name="BrowserTest" time="24.651" classname="hrm.LaunchBrowserTest"/>
  <testcase name="support2Test" time="0.001" classname="hrm.LaunchBrowserTest"/>
  <testcase name="supportTest" time="0.001" classname="hrm.LaunchBrowserTest"/>
</testsuite> <!-- Command line test -->
