<?xml version="1.0" encoding="UTF-8"?>
<!-- Generated by org.testng.reporters.JUnitXMLReporter -->
<testsuite hostname="sameer" name="Command line test" tests="4" failures="0" timestamp="10 Jan 2017 04:59:08 GMT" time="218.793" errors="0">
  <testcase name="createEmp" time="112.153" classname="hrmPIM.CreateEmployeeTest"/>
  <testcase name="DelEmp" time="33.232" classname="hrmPIM.DeleteEmployeeTest"/>
  <testcase name="createEmp" time="9.51" classname="hrmPIM.New1Test"/>
  <testcase name="delEmp" time="12.93" classname="hrmPIM.New2Test"/>
</testsuite> <!-- Command line test -->
