<?xml version="1.0" encoding="UTF-8" ?>
<testsuite tests="1" failures="1" name="hrmPIM.PimNewTest" time="15.198" errors="0" skipped="0">
  <properties>
[...]
</properties>
  <testcase classname="hrmPIM.PimNewTest" name="createEmp" time="15.198">
    <failure message="Unable to locate element: {&quot;method&quot;:&quot;id&quot;,&quot;selector&quot;:&quot;txtUsername&quot;}
Command duration or timeout: 10.12 seconds
For documentation on this error, please visit: http://seleniumhq.org/exceptions/no_such_element.html
Build info: version: &apos;2.53.1&apos;, revision: &apos;a36b8b1cd5757287168e54b817830adce9b0158d&apos;, time: &apos;2016-06-30 19:26:09&apos;
System info: host: &apos;sameer&apos;, ip: &apos;192.168.2.26&apos;, os.name: &apos;Windows 8&apos;, os.arch: &apos;amd64&apos;, os.version: &apos;6.2&apos;, java.version: &apos;1.8.0_91&apos;
Driver info: org.openqa.selenium.firefox.FirefoxDriver
Capabilities [{applicationCacheEnabled=true, rotatable=false, handlesAlerts=true, databaseEnabled=true, version=47.0.1, platform=WINDOWS, nativeEvents=false, acceptSslCerts=true, webStorageEnabled=true, locationContextEnabled=true, browserName=firefox, takesScreenshot=true, javascriptEnabled=true, cssSelectorsEnabled=true}]
Session ID: cd89a2d7-f1d3-4246-be7d-e84dd7dd4688
*** Element info: {Using=id, value=txtUsername}" type="org.openqa.selenium.NoSuchElementException">org.openqa.selenium.NoSuchElementException: Unable to locate element: {&quot;method&quot;:&quot;id&quot;,&quot;selector&quot;:&quot;txtUsername&quot;}
Command duration or timeout: 10.12 seconds
For documentation on this error, please visit: http://seleniumhq.org/exceptions/no_such_element.html
Build info: version: &apos;2.53.1&apos;, revision: &apos;a36b8b1cd5757287168e54b817830adce9b0158d&apos;, time: &apos;2016-06-30 19:26:09&apos;
System info: host: &apos;sameer&apos;, ip: &apos;192.168.2.26&apos;, os.name: &apos;Windows 8&apos;, os.arch: &apos;amd64&apos;, os.version: &apos;6.2&apos;, java.version: &apos;1.8.0_91&apos;
Driver info: org.openqa.selenium.firefox.FirefoxDriver
Capabilities [{applicationCacheEnabled=true, rotatable=false, handlesAlerts=true, databaseEnabled=true, version=47.0.1, platform=WINDOWS, nativeEvents=false, acceptSslCerts=true, webStorageEnabled=true, locationContextEnabled=true, browserName=firefox, takesScreenshot=true, javascriptEnabled=true, cssSelectorsEnabled=true}]
Session ID: cd89a2d7-f1d3-4246-be7d-e84dd7dd4688
*** Element info: {Using=id, value=txtUsername}
	at sun.reflect.NativeConstructorAccessorImpl.newInstance0(Native Method)
	at sun.reflect.NativeConstructorAccessorImpl.newInstance(NativeConstructorAccessorImpl.java:62)
	at sun.reflect.DelegatingConstructorAccessorImpl.newInstance(DelegatingConstructorAccessorImpl.java:45)
	at java.lang.reflect.Constructor.newInstance(Constructor.java:423)
	at org.openqa.selenium.remote.ErrorHandler.createThrowable(ErrorHandler.java:206)
	at org.openqa.selenium.remote.ErrorHandler.throwIfResponseFailed(ErrorHandler.java:158)
	at org.openqa.selenium.remote.RemoteWebDriver.execute(RemoteWebDriver.java:678)
	at org.openqa.selenium.remote.RemoteWebDriver.findElement(RemoteWebDriver.java:363)
	at org.openqa.selenium.remote.RemoteWebDriver.findElementById(RemoteWebDriver.java:413)
	at org.openqa.selenium.By$ById.findElement(By.java:218)
	at org.openqa.selenium.remote.RemoteWebDriver.findElement(RemoteWebDriver.java:355)
	at org.openqa.selenium.support.pagefactory.DefaultElementLocator.findElement(DefaultElementLocator.java:69)
	at org.openqa.selenium.support.pagefactory.internal.LocatingElementHandler.invoke(LocatingElementHandler.java:38)
	at com.sun.proxy.$Proxy4.sendKeys(Unknown Source)
	at pageObjectLib.Login.logintoApp(Login.java:25)
	at hrmPIM.PimNewTest.createEmp(PimNewTest.java:28)
Caused by: org.openqa.selenium.NoSuchElementException: Unable to locate element: {&quot;method&quot;:&quot;id&quot;,&quot;selector&quot;:&quot;txtUsername&quot;}
For documentation on this error, please visit: http://seleniumhq.org/exceptions/no_such_element.html
Build info: version: &apos;2.53.1&apos;, revision: &apos;a36b8b1cd5757287168e54b817830adce9b0158d&apos;, time: &apos;2016-06-30 19:26:09&apos;
System info: host: &apos;sameer&apos;, ip: &apos;192.168.2.26&apos;, os.name: &apos;Windows 8&apos;, os.arch: &apos;amd64&apos;, os.version: &apos;6.2&apos;, java.version: &apos;1.8.0_91&apos;
Driver info: driver.version: unknown
	at &lt;anonymous class&gt;.FirefoxDriver.prototype.findElementInternal_(file:///C:/Users/jitu/AppData/Local/Temp/anonymous647345794820751502webdriver-profile/extensions/fxdriver@googlecode.com/components/driver-component.js:10770)
	at &lt;anonymous class&gt;.fxdriver.Timer.prototype.setTimeout/&lt;.notify(file:///C:/Users/jitu/AppData/Local/Temp/anonymous647345794820751502webdriver-profile/extensions/fxdriver@googlecode.com/components/driver-component.js:625)
</failure>
    <system-out>Configuring TestNG with: org.apache.maven.surefire.testng.conf.TestNG652Configurator@5fdef03a
</system-out>
  </testcase>
</testsuite>